2025-07-13 17:07:41.814 INFO [restartedMain]com.yjq.programmer.FruitAndVegetableShop.logStarting:50 -Starting FruitAndVegetableShop on DESKTOP-KNBEJCA with PID 8356 (E:\GitHub\FruitAndVegetableShop\target\classes started by zs in E:\GitHub\FruitAndVegetableShop)
2025-07-13 17:07:41.815 INFO [restartedMain]com.yjq.programmer.FruitAndVegetableShop.logStartupProfileInfo:651 -The following profiles are active: dev
2025-07-13 17:07:41.845 INFO [restartedMain]o.s.b.devtools.env.DevToolsPropertyDefaultsPostProcessor.logTo:225 -Devtools property defaults active! Set 'spring.devtools.add-properties' to 'false' to disable
2025-07-13 17:07:41.847 INFO [restartedMain]o.s.b.devtools.env.DevToolsPropertyDefaultsPostProcessor.logTo:225 -For additional web related logging consider setting the 'logging.level.web' property to 'DEBUG'
2025-07-13 17:07:42.482 INFO [restartedMain]o.s.d.repository.config.RepositoryConfigurationDelegate.multipleStoresDetected:244 -Multiple Spring Data modules found, entering strict repository configuration mode!
2025-07-13 17:07:42.486 INFO [restartedMain]o.s.d.repository.config.RepositoryConfigurationDelegate.registerRepositoriesIn:126 -Bootstrapping Spring Data repositories in DEFAULT mode.
2025-07-13 17:07:42.525 INFO [restartedMain]o.s.d.repository.config.RepositoryConfigurationDelegate.registerRepositoriesIn:182 -Finished Spring Data repository scanning in 24ms. Found 0 repository interfaces.
2025-07-13 17:07:42.774 INFO [restartedMain]o.s.c.s.PostProcessorRegistrationDelegate$BeanPostProcessorChecker.postProcessAfterInitialization:330 -Bean 'org.springframework.transaction.annotation.ProxyTransactionManagementConfiguration' of type [org.springframework.transaction.annotation.ProxyTransactionManagementConfiguration$$EnhancerBySpringCGLIB$$51c78343] is not eligible for getting processed by all BeanPostProcessors (for example: not eligible for auto-proxying)
2025-07-13 17:07:42.991 INFO [restartedMain]o.s.boot.web.embedded.tomcat.TomcatWebServer.initialize:90 -Tomcat initialized with port(s): 8080 (http)
2025-07-13 17:07:43.003 INFO [restartedMain]org.apache.coyote.http11.Http11NioProtocol.log:173 -Initializing ProtocolHandler ["http-nio-8080"]
2025-07-13 17:07:43.009 INFO [restartedMain]org.apache.catalina.core.StandardService.log:173 -Starting service [Tomcat]
2025-07-13 17:07:43.009 INFO [restartedMain]org.apache.catalina.core.StandardEngine.log:173 -Starting Servlet engine: [Apache Tomcat/9.0.22]
2025-07-13 17:07:43.070 INFO [restartedMain]o.a.catalina.core.ContainerBase.[Tomcat].[localhost].[/].log:173 -Initializing Spring embedded WebApplicationContext
2025-07-13 17:07:43.071 INFO [restartedMain]org.springframework.web.context.ContextLoader.prepareWebApplicationContext:284 -Root WebApplicationContext: initialization completed in 1224 ms
2025-07-13 17:07:43.768 INFO [restartedMain]o.s.scheduling.concurrent.ThreadPoolTaskExecutor.initialize:171 -Initializing ExecutorService 'applicationTaskExecutor'
2025-07-13 17:07:45.451 INFO [restartedMain]o.s.boot.devtools.autoconfigure.OptionalLiveReloadServer.startServer:57 -LiveReload server is running on port 35729
2025-07-13 17:07:45.470 INFO [restartedMain]org.apache.coyote.http11.Http11NioProtocol.log:173 -Starting ProtocolHandler ["http-nio-8080"]
2025-07-13 17:07:45.487 INFO [restartedMain]o.s.boot.web.embedded.tomcat.TomcatWebServer.start:202 -Tomcat started on port(s): 8080 (http) with context path ''
2025-07-13 17:07:45.488 INFO [restartedMain]com.yjq.programmer.FruitAndVegetableShop.logStarted:59 -Started FruitAndVegetableShop in 4.018 seconds (JVM running for 4.628)
2025-07-13 17:08:40.602 INFO [http-nio-8080-exec-2]o.a.catalina.core.ContainerBase.[Tomcat].[localhost].[/].log:173 -Initializing Spring DispatcherServlet 'dispatcherServlet'
2025-07-13 17:08:40.603 INFO [http-nio-8080-exec-2]org.springframework.web.servlet.DispatcherServlet.initServletBean:524 -Initializing Servlet 'dispatcherServlet'
2025-07-13 17:08:40.605 INFO [http-nio-8080-exec-2]org.springframework.web.servlet.DispatcherServlet.initServletBean:546 -Completed initialization in 2 ms
2025-07-13 17:09:48.113 INFO [Thread-16]o.s.scheduling.concurrent.ThreadPoolTaskExecutor.shutdown:208 -Shutting down ExecutorService 'applicationTaskExecutor'
2025-07-13 17:09:50.366 INFO [restartedMain]com.yjq.programmer.FruitAndVegetableShop.logStarting:50 -Starting FruitAndVegetableShop on DESKTOP-KNBEJCA with PID 29504 (E:\GitHub\FruitAndVegetableShop\target\classes started by zs in E:\GitHub\FruitAndVegetableShop)
2025-07-13 17:09:50.367 INFO [restartedMain]com.yjq.programmer.FruitAndVegetableShop.logStartupProfileInfo:651 -The following profiles are active: dev
2025-07-13 17:09:50.392 INFO [restartedMain]o.s.b.devtools.env.DevToolsPropertyDefaultsPostProcessor.logTo:225 -Devtools property defaults active! Set 'spring.devtools.add-properties' to 'false' to disable
2025-07-13 17:09:50.392 INFO [restartedMain]o.s.b.devtools.env.DevToolsPropertyDefaultsPostProcessor.logTo:225 -For additional web related logging consider setting the 'logging.level.web' property to 'DEBUG'
2025-07-13 17:09:50.884 INFO [restartedMain]o.s.d.repository.config.RepositoryConfigurationDelegate.multipleStoresDetected:244 -Multiple Spring Data modules found, entering strict repository configuration mode!
2025-07-13 17:09:50.885 INFO [restartedMain]o.s.d.repository.config.RepositoryConfigurationDelegate.registerRepositoriesIn:126 -Bootstrapping Spring Data repositories in DEFAULT mode.
2025-07-13 17:09:50.915 INFO [restartedMain]o.s.d.repository.config.RepositoryConfigurationDelegate.registerRepositoriesIn:182 -Finished Spring Data repository scanning in 20ms. Found 0 repository interfaces.
2025-07-13 17:09:51.112 INFO [restartedMain]o.s.c.s.PostProcessorRegistrationDelegate$BeanPostProcessorChecker.postProcessAfterInitialization:330 -Bean 'org.springframework.transaction.annotation.ProxyTransactionManagementConfiguration' of type [org.springframework.transaction.annotation.ProxyTransactionManagementConfiguration$$EnhancerBySpringCGLIB$$e375079e] is not eligible for getting processed by all BeanPostProcessors (for example: not eligible for auto-proxying)
2025-07-13 17:09:51.290 INFO [restartedMain]o.s.boot.web.embedded.tomcat.TomcatWebServer.initialize:90 -Tomcat initialized with port(s): 8080 (http)
2025-07-13 17:09:51.297 INFO [restartedMain]org.apache.coyote.http11.Http11NioProtocol.log:173 -Initializing ProtocolHandler ["http-nio-8080"]
2025-07-13 17:09:51.303 INFO [restartedMain]org.apache.catalina.core.StandardService.log:173 -Starting service [Tomcat]
2025-07-13 17:09:51.304 INFO [restartedMain]org.apache.catalina.core.StandardEngine.log:173 -Starting Servlet engine: [Apache Tomcat/9.0.22]
2025-07-13 17:09:51.359 INFO [restartedMain]o.a.catalina.core.ContainerBase.[Tomcat].[localhost].[/].log:173 -Initializing Spring embedded WebApplicationContext
2025-07-13 17:09:51.359 INFO [restartedMain]org.springframework.web.context.ContextLoader.prepareWebApplicationContext:284 -Root WebApplicationContext: initialization completed in 967 ms
2025-07-13 17:09:51.945 INFO [restartedMain]o.s.scheduling.concurrent.ThreadPoolTaskExecutor.initialize:171 -Initializing ExecutorService 'applicationTaskExecutor'
2025-07-13 17:09:53.256 INFO [restartedMain]o.s.boot.devtools.autoconfigure.OptionalLiveReloadServer.startServer:57 -LiveReload server is running on port 35729
2025-07-13 17:09:53.273 INFO [restartedMain]org.apache.coyote.http11.Http11NioProtocol.log:173 -Starting ProtocolHandler ["http-nio-8080"]
2025-07-13 17:09:53.290 INFO [restartedMain]o.s.boot.web.embedded.tomcat.TomcatWebServer.start:202 -Tomcat started on port(s): 8080 (http) with context path ''
2025-07-13 17:09:53.292 INFO [restartedMain]com.yjq.programmer.FruitAndVegetableShop.logStarted:59 -Started FruitAndVegetableShop in 3.206 seconds (JVM running for 3.724)
2025-07-13 17:10:04.696 INFO [http-nio-8080-exec-1]o.a.catalina.core.ContainerBase.[Tomcat].[localhost].[/].log:173 -Initializing Spring DispatcherServlet 'dispatcherServlet'
2025-07-13 17:10:04.696 INFO [http-nio-8080-exec-1]org.springframework.web.servlet.DispatcherServlet.initServletBean:524 -Initializing Servlet 'dispatcherServlet'
2025-07-13 17:10:04.700 INFO [http-nio-8080-exec-1]org.springframework.web.servlet.DispatcherServlet.initServletBean:546 -Completed initialization in 2 ms
2025-07-13 17:10:44.266 INFO [http-nio-8080-exec-8]c.yjq.programmer.interceptor.admin.AdminLoginInterceptor.preHandle:34 -当前URL=/admin/admin
2025-07-13 17:10:44.267 INFO [http-nio-8080-exec-8]c.yjq.programmer.interceptor.admin.AdminLoginInterceptor.preHandle:50 -没有登录或session失效，跳转登录界面！当前URL={}/admin/admin
2025-07-13 17:10:44.322 INFO [http-nio-8080-exec-4]com.yjq.programmer.controller.common.CpachaController.generateCpacha:51 -验证码成功生成，method=admin_login,value=d47b
2025-07-13 17:10:57.877 INFO [http-nio-8080-exec-7]c.yjq.programmer.interceptor.admin.AdminLoginInterceptor.preHandle:34 -当前URL=/admin/user
2025-07-13 17:10:57.877 INFO [http-nio-8080-exec-7]c.yjq.programmer.interceptor.admin.AdminLoginInterceptor.preHandle:50 -没有登录或session失效，跳转登录界面！当前URL={}/admin/user
2025-07-13 17:10:57.907 INFO [http-nio-8080-exec-6]com.yjq.programmer.controller.common.CpachaController.generateCpacha:51 -验证码成功生成，method=admin_login,value=4gNf
2025-07-13 17:11:14.233 INFO [http-nio-8080-exec-6]com.zaxxer.hikari.HikariDataSource.getConnection:110 -HikariPool-1 - Starting...
2025-07-13 17:11:14.354 INFO [http-nio-8080-exec-6]com.zaxxer.hikari.HikariDataSource.getConnection:123 -HikariPool-1 - Start completed.
2025-07-13 17:11:27.234 INFO [http-nio-8080-exec-2]com.yjq.programmer.interceptor.home.UserLoginInterceptor.preHandle:49 -当前URL=/home/system/index
2025-07-13 17:11:27.234 INFO [http-nio-8080-exec-2]com.yjq.programmer.interceptor.home.UserLoginInterceptor.preHandle:50 -当前路径获取到的token=
2025-07-13 17:11:35.448 INFO [http-nio-8080-exec-8]com.yjq.programmer.interceptor.home.UserLoginInterceptor.preHandle:49 -当前URL=/home/product/fruit
2025-07-13 17:11:35.448 INFO [http-nio-8080-exec-8]com.yjq.programmer.interceptor.home.UserLoginInterceptor.preHandle:50 -当前路径获取到的token=
2025-07-13 17:11:36.355 INFO [http-nio-8080-exec-7]com.yjq.programmer.interceptor.home.UserLoginInterceptor.preHandle:49 -当前URL=/home/system/index
2025-07-13 17:11:36.355 INFO [http-nio-8080-exec-7]com.yjq.programmer.interceptor.home.UserLoginInterceptor.preHandle:50 -当前路径获取到的token=
2025-07-13 17:16:26.636 INFO [http-nio-8080-exec-2]com.yjq.programmer.interceptor.home.UserLoginInterceptor.preHandle:49 -当前URL=/home/system/index
2025-07-13 17:16:26.636 INFO [http-nio-8080-exec-2]com.yjq.programmer.interceptor.home.UserLoginInterceptor.preHandle:50 -当前路径获取到的token=
2025-07-13 17:16:27.213 INFO [http-nio-8080-exec-7]com.yjq.programmer.interceptor.home.UserLoginInterceptor.preHandle:49 -当前URL=/home/product/fruit
2025-07-13 17:16:27.213 INFO [http-nio-8080-exec-7]com.yjq.programmer.interceptor.home.UserLoginInterceptor.preHandle:50 -当前路径获取到的token=
2025-07-13 17:16:27.220 WARN [http-nio-8080-exec-7]com.zaxxer.hikari.pool.PoolBase.isConnectionAlive:176 -HikariPool-1 - Failed to validate connection com.mysql.jdbc.JDBC4Connection@3aa31c45 (No operations allowed after connection closed.). Possibly consider using a shorter maxLifetime value.
2025-07-13 17:16:27.221 WARN [http-nio-8080-exec-7]com.zaxxer.hikari.pool.PoolBase.isConnectionAlive:176 -HikariPool-1 - Failed to validate connection com.mysql.jdbc.JDBC4Connection@3f0609fa (No operations allowed after connection closed.). Possibly consider using a shorter maxLifetime value.
2025-07-13 17:16:27.222 WARN [http-nio-8080-exec-7]com.zaxxer.hikari.pool.PoolBase.isConnectionAlive:176 -HikariPool-1 - Failed to validate connection com.mysql.jdbc.JDBC4Connection@76074ada (No operations allowed after connection closed.). Possibly consider using a shorter maxLifetime value.
2025-07-13 17:16:27.223 WARN [http-nio-8080-exec-7]com.zaxxer.hikari.pool.PoolBase.isConnectionAlive:176 -HikariPool-1 - Failed to validate connection com.mysql.jdbc.JDBC4Connection@5ef268d1 (No operations allowed after connection closed.). Possibly consider using a shorter maxLifetime value.
2025-07-13 17:16:27.225 WARN [http-nio-8080-exec-7]com.zaxxer.hikari.pool.PoolBase.isConnectionAlive:176 -HikariPool-1 - Failed to validate connection com.mysql.jdbc.JDBC4Connection@56217d2d (No operations allowed after connection closed.). Possibly consider using a shorter maxLifetime value.
2025-07-13 17:16:27.226 WARN [http-nio-8080-exec-7]com.zaxxer.hikari.pool.PoolBase.isConnectionAlive:176 -HikariPool-1 - Failed to validate connection com.mysql.jdbc.JDBC4Connection@5967e7ca (No operations allowed after connection closed.). Possibly consider using a shorter maxLifetime value.
2025-07-13 17:16:27.227 WARN [http-nio-8080-exec-7]com.zaxxer.hikari.pool.PoolBase.isConnectionAlive:176 -HikariPool-1 - Failed to validate connection com.mysql.jdbc.JDBC4Connection@15fa27a6 (No operations allowed after connection closed.). Possibly consider using a shorter maxLifetime value.
2025-07-13 17:16:27.228 WARN [http-nio-8080-exec-7]com.zaxxer.hikari.pool.PoolBase.isConnectionAlive:176 -HikariPool-1 - Failed to validate connection com.mysql.jdbc.JDBC4Connection@58836128 (No operations allowed after connection closed.). Possibly consider using a shorter maxLifetime value.
2025-07-13 17:16:27.229 WARN [http-nio-8080-exec-7]com.zaxxer.hikari.pool.PoolBase.isConnectionAlive:176 -HikariPool-1 - Failed to validate connection com.mysql.jdbc.JDBC4Connection@516b700 (No operations allowed after connection closed.). Possibly consider using a shorter maxLifetime value.
2025-07-13 17:16:27.230 WARN [http-nio-8080-exec-7]com.zaxxer.hikari.pool.PoolBase.isConnectionAlive:176 -HikariPool-1 - Failed to validate connection com.mysql.jdbc.JDBC4Connection@632959df (No operations allowed after connection closed.). Possibly consider using a shorter maxLifetime value.
2025-07-13 17:18:36.321 INFO [http-nio-8080-exec-8]com.yjq.programmer.interceptor.home.UserLoginInterceptor.preHandle:49 -当前URL=/home/product/fruit
2025-07-13 17:18:36.322 INFO [http-nio-8080-exec-8]com.yjq.programmer.interceptor.home.UserLoginInterceptor.preHandle:50 -当前路径获取到的token=
2025-07-13 17:18:36.324 WARN [http-nio-8080-exec-8]com.zaxxer.hikari.pool.PoolBase.isConnectionAlive:176 -HikariPool-1 - Failed to validate connection com.mysql.jdbc.JDBC4Connection@64632af7 (No operations allowed after connection closed.). Possibly consider using a shorter maxLifetime value.
2025-07-13 17:18:36.326 WARN [http-nio-8080-exec-8]com.zaxxer.hikari.pool.PoolBase.isConnectionAlive:176 -HikariPool-1 - Failed to validate connection com.mysql.jdbc.JDBC4Connection@577d2864 (No operations allowed after connection closed.). Possibly consider using a shorter maxLifetime value.
2025-07-13 17:18:36.327 WARN [http-nio-8080-exec-8]com.zaxxer.hikari.pool.PoolBase.isConnectionAlive:176 -HikariPool-1 - Failed to validate connection com.mysql.jdbc.JDBC4Connection@15c6bb66 (No operations allowed after connection closed.). Possibly consider using a shorter maxLifetime value.
2025-07-13 17:18:36.327 WARN [http-nio-8080-exec-8]com.zaxxer.hikari.pool.PoolBase.isConnectionAlive:176 -HikariPool-1 - Failed to validate connection com.mysql.jdbc.JDBC4Connection@68579dd5 (No operations allowed after connection closed.). Possibly consider using a shorter maxLifetime value.
2025-07-13 17:18:36.329 WARN [http-nio-8080-exec-8]com.zaxxer.hikari.pool.PoolBase.isConnectionAlive:176 -HikariPool-1 - Failed to validate connection com.mysql.jdbc.JDBC4Connection@7a8103c3 (No operations allowed after connection closed.). Possibly consider using a shorter maxLifetime value.
2025-07-13 17:18:36.330 WARN [http-nio-8080-exec-8]com.zaxxer.hikari.pool.PoolBase.isConnectionAlive:176 -HikariPool-1 - Failed to validate connection com.mysql.jdbc.JDBC4Connection@30d134f5 (No operations allowed after connection closed.). Possibly consider using a shorter maxLifetime value.
2025-07-13 17:18:36.332 WARN [http-nio-8080-exec-8]com.zaxxer.hikari.pool.PoolBase.isConnectionAlive:176 -HikariPool-1 - Failed to validate connection com.mysql.jdbc.JDBC4Connection@42bcb637 (No operations allowed after connection closed.). Possibly consider using a shorter maxLifetime value.
2025-07-13 17:18:36.333 WARN [http-nio-8080-exec-8]com.zaxxer.hikari.pool.PoolBase.isConnectionAlive:176 -HikariPool-1 - Failed to validate connection com.mysql.jdbc.JDBC4Connection@fa7aa4d (No operations allowed after connection closed.). Possibly consider using a shorter maxLifetime value.
2025-07-13 17:18:36.333 WARN [http-nio-8080-exec-8]com.zaxxer.hikari.pool.PoolBase.isConnectionAlive:176 -HikariPool-1 - Failed to validate connection com.mysql.jdbc.JDBC4Connection@e3e878f (No operations allowed after connection closed.). Possibly consider using a shorter maxLifetime value.
2025-07-13 17:18:36.334 WARN [http-nio-8080-exec-8]com.zaxxer.hikari.pool.PoolBase.isConnectionAlive:176 -HikariPool-1 - Failed to validate connection com.mysql.jdbc.JDBC4Connection@37f16c21 (No operations allowed after connection closed.). Possibly consider using a shorter maxLifetime value.
2025-07-13 17:18:37.166 INFO [http-nio-8080-exec-6]com.yjq.programmer.interceptor.home.UserLoginInterceptor.preHandle:49 -当前URL=/home/system/index
2025-07-13 17:18:37.166 INFO [http-nio-8080-exec-6]com.yjq.programmer.interceptor.home.UserLoginInterceptor.preHandle:50 -当前路径获取到的token=
2025-07-13 17:18:38.540 INFO [http-nio-8080-exec-1]com.yjq.programmer.interceptor.home.UserLoginInterceptor.preHandle:49 -当前URL=/home/user/info
2025-07-13 17:18:38.541 INFO [http-nio-8080-exec-1]com.yjq.programmer.interceptor.home.UserLoginInterceptor.preHandle:50 -当前路径获取到的token=
2025-07-13 17:18:38.541 INFO [http-nio-8080-exec-1]com.yjq.programmer.interceptor.home.UserLoginInterceptor.preHandle:86 -没有登录或token非法，跳转登录界面！当前URL=/home/user/info
2025-07-13 17:18:38.547 INFO [http-nio-8080-exec-2]com.yjq.programmer.interceptor.home.UserLoginInterceptor.preHandle:49 -当前URL=/home/user/login
2025-07-13 17:18:38.547 INFO [http-nio-8080-exec-2]com.yjq.programmer.interceptor.home.UserLoginInterceptor.preHandle:50 -当前路径获取到的token=
2025-07-13 17:18:40.078 INFO [http-nio-8080-exec-10]com.yjq.programmer.interceptor.home.UserLoginInterceptor.preHandle:49 -当前URL=/home/system/index
2025-07-13 17:18:40.080 INFO [http-nio-8080-exec-10]com.yjq.programmer.interceptor.home.UserLoginInterceptor.preHandle:50 -当前路径获取到的token=
2025-07-13 17:18:40.970 INFO [http-nio-8080-exec-4]com.yjq.programmer.interceptor.home.UserLoginInterceptor.preHandle:49 -当前URL=/home/user/login
2025-07-13 17:18:40.970 INFO [http-nio-8080-exec-4]com.yjq.programmer.interceptor.home.UserLoginInterceptor.preHandle:50 -当前路径获取到的token=
2025-07-13 17:18:41.929 INFO [http-nio-8080-exec-1]com.yjq.programmer.interceptor.home.UserLoginInterceptor.preHandle:49 -当前URL=/home/user/register
2025-07-13 17:18:41.931 INFO [http-nio-8080-exec-1]com.yjq.programmer.interceptor.home.UserLoginInterceptor.preHandle:50 -当前路径获取到的token=
2025-07-13 17:18:41.960 INFO [http-nio-8080-exec-6]com.yjq.programmer.controller.common.CpachaController.generateCpacha:51 -验证码成功生成，method=user_register,value=W872
2025-07-13 17:18:43.724 INFO [http-nio-8080-exec-5]com.yjq.programmer.interceptor.home.UserLoginInterceptor.preHandle:49 -当前URL=/home/user/login
2025-07-13 17:18:43.724 INFO [http-nio-8080-exec-5]com.yjq.programmer.interceptor.home.UserLoginInterceptor.preHandle:50 -当前路径获取到的token=
2025-07-13 17:19:47.812 INFO [http-nio-8080-exec-7]com.yjq.programmer.interceptor.home.UserLoginInterceptor.preHandle:49 -当前URL=/home/user/login
2025-07-13 17:19:47.812 INFO [http-nio-8080-exec-7]com.yjq.programmer.interceptor.home.UserLoginInterceptor.preHandle:50 -当前路径获取到的token=
2025-07-13 17:19:47.825 INFO [http-nio-8080-exec-7]com.yjq.programmer.util.JWTUtil.getToken:46 -生成的token=eyJ0eXAiOiJKV1QiLCJhbGciOiJIUzI1NiJ9.eyJwaG9uZSI6IjEzNTU1NTU1NTU1IiwiaWQiOiIxMCIsImV4cCI6MTc1MzAwMzE4NywiaGVhZFBpYyI6ImNvbW1vbi91c2VyX2ltZy5qcGciLCJlbWFpbCI6IjExQDE2My5jb20iLCJ1c2VybmFtZSI6IjExIn0.xhF1FDbwDXq7ruRfx76Ebl7JpWF2ydFDbaP6c2S-DaU
2025-07-13 17:19:47.838 INFO [http-nio-8080-exec-1]com.yjq.programmer.interceptor.home.UserLoginInterceptor.preHandle:49 -当前URL=/home/system/index
2025-07-13 17:19:47.838 INFO [http-nio-8080-exec-1]com.yjq.programmer.interceptor.home.UserLoginInterceptor.preHandle:50 -当前路径获取到的token=eyJ0eXAiOiJKV1QiLCJhbGciOiJIUzI1NiJ9.eyJwaG9uZSI6IjEzNTU1NTU1NTU1IiwiaWQiOiIxMCIsImV4cCI6MTc1MzAwMzE4NywiaGVhZFBpYyI6ImNvbW1vbi91c2VyX2ltZy5qcGciLCJlbWFpbCI6IjExQDE2My5jb20iLCJ1c2VybmFtZSI6IjExIn0.xhF1FDbwDXq7ruRfx76Ebl7JpWF2ydFDbaP6c2S-DaU
2025-07-13 17:19:48.112 INFO [http-nio-8080-exec-1]io.lettuce.core.EpollProvider.<clinit>:68 -Starting without optional epoll library
2025-07-13 17:19:48.114 INFO [http-nio-8080-exec-1]io.lettuce.core.KqueueProvider.<clinit>:70 -Starting without optional kqueue library
2025-07-13 17:19:56.111 INFO [http-nio-8080-exec-3]com.yjq.programmer.interceptor.home.UserLoginInterceptor.preHandle:49 -当前URL=/home/product/fruit
2025-07-13 17:19:56.112 INFO [http-nio-8080-exec-3]com.yjq.programmer.interceptor.home.UserLoginInterceptor.preHandle:50 -当前路径获取到的token=eyJ0eXAiOiJKV1QiLCJhbGciOiJIUzI1NiJ9.eyJwaG9uZSI6IjEzNTU1NTU1NTU1IiwiaWQiOiIxMCIsImV4cCI6MTc1MzAwMzE4NywiaGVhZFBpYyI6ImNvbW1vbi91c2VyX2ltZy5qcGciLCJlbWFpbCI6IjExQDE2My5jb20iLCJ1c2VybmFtZSI6IjExIn0.xhF1FDbwDXq7ruRfx76Ebl7JpWF2ydFDbaP6c2S-DaU
2025-07-13 17:20:01.213 INFO [http-nio-8080-exec-10]com.yjq.programmer.interceptor.home.UserLoginInterceptor.preHandle:49 -当前URL=/home/cart/add
2025-07-13 17:20:01.213 INFO [http-nio-8080-exec-10]com.yjq.programmer.interceptor.home.UserLoginInterceptor.preHandle:50 -当前路径获取到的token=eyJ0eXAiOiJKV1QiLCJhbGciOiJIUzI1NiJ9.eyJwaG9uZSI6IjEzNTU1NTU1NTU1IiwiaWQiOiIxMCIsImV4cCI6MTc1MzAwMzE4NywiaGVhZFBpYyI6ImNvbW1vbi91c2VyX2ltZy5qcGciLCJlbWFpbCI6IjExQDE2My5jb20iLCJ1c2VybmFtZSI6IjExIn0.xhF1FDbwDXq7ruRfx76Ebl7JpWF2ydFDbaP6c2S-DaU
2025-07-13 17:20:06.419 INFO [http-nio-8080-exec-9]com.yjq.programmer.interceptor.home.UserLoginInterceptor.preHandle:49 -当前URL=/home/cart/index
2025-07-13 17:20:06.419 INFO [http-nio-8080-exec-9]com.yjq.programmer.interceptor.home.UserLoginInterceptor.preHandle:50 -当前路径获取到的token=eyJ0eXAiOiJKV1QiLCJhbGciOiJIUzI1NiJ9.eyJwaG9uZSI6IjEzNTU1NTU1NTU1IiwiaWQiOiIxMCIsImV4cCI6MTc1MzAwMzE4NywiaGVhZFBpYyI6ImNvbW1vbi91c2VyX2ltZy5qcGciLCJlbWFpbCI6IjExQDE2My5jb20iLCJ1c2VybmFtZSI6IjExIn0.xhF1FDbwDXq7ruRfx76Ebl7JpWF2ydFDbaP6c2S-DaU
2025-07-13 17:20:11.006 INFO [http-nio-8080-exec-5]com.yjq.programmer.interceptor.home.UserLoginInterceptor.preHandle:49 -当前URL=/home/product/fruit
2025-07-13 17:20:11.006 INFO [http-nio-8080-exec-5]com.yjq.programmer.interceptor.home.UserLoginInterceptor.preHandle:50 -当前路径获取到的token=eyJ0eXAiOiJKV1QiLCJhbGciOiJIUzI1NiJ9.eyJwaG9uZSI6IjEzNTU1NTU1NTU1IiwiaWQiOiIxMCIsImV4cCI6MTc1MzAwMzE4NywiaGVhZFBpYyI6ImNvbW1vbi91c2VyX2ltZy5qcGciLCJlbWFpbCI6IjExQDE2My5jb20iLCJ1c2VybmFtZSI6IjExIn0.xhF1FDbwDXq7ruRfx76Ebl7JpWF2ydFDbaP6c2S-DaU
2025-07-13 17:20:13.197 INFO [http-nio-8080-exec-4]com.yjq.programmer.interceptor.home.UserLoginInterceptor.preHandle:49 -当前URL=/home/cart/add
2025-07-13 17:20:13.197 INFO [http-nio-8080-exec-4]com.yjq.programmer.interceptor.home.UserLoginInterceptor.preHandle:50 -当前路径获取到的token=eyJ0eXAiOiJKV1QiLCJhbGciOiJIUzI1NiJ9.eyJwaG9uZSI6IjEzNTU1NTU1NTU1IiwiaWQiOiIxMCIsImV4cCI6MTc1MzAwMzE4NywiaGVhZFBpYyI6ImNvbW1vbi91c2VyX2ltZy5qcGciLCJlbWFpbCI6IjExQDE2My5jb20iLCJ1c2VybmFtZSI6IjExIn0.xhF1FDbwDXq7ruRfx76Ebl7JpWF2ydFDbaP6c2S-DaU
2025-07-13 17:20:13.970 INFO [http-nio-8080-exec-2]com.yjq.programmer.interceptor.home.UserLoginInterceptor.preHandle:49 -当前URL=/home/product/fruit
2025-07-13 17:20:13.971 INFO [http-nio-8080-exec-2]com.yjq.programmer.interceptor.home.UserLoginInterceptor.preHandle:50 -当前路径获取到的token=eyJ0eXAiOiJKV1QiLCJhbGciOiJIUzI1NiJ9.eyJwaG9uZSI6IjEzNTU1NTU1NTU1IiwiaWQiOiIxMCIsImV4cCI6MTc1MzAwMzE4NywiaGVhZFBpYyI6ImNvbW1vbi91c2VyX2ltZy5qcGciLCJlbWFpbCI6IjExQDE2My5jb20iLCJ1c2VybmFtZSI6IjExIn0.xhF1FDbwDXq7ruRfx76Ebl7JpWF2ydFDbaP6c2S-DaU
2025-07-13 17:20:15.780 INFO [http-nio-8080-exec-8]com.yjq.programmer.interceptor.home.UserLoginInterceptor.preHandle:49 -当前URL=/home/cart/index
2025-07-13 17:20:15.780 INFO [http-nio-8080-exec-8]com.yjq.programmer.interceptor.home.UserLoginInterceptor.preHandle:50 -当前路径获取到的token=eyJ0eXAiOiJKV1QiLCJhbGciOiJIUzI1NiJ9.eyJwaG9uZSI6IjEzNTU1NTU1NTU1IiwiaWQiOiIxMCIsImV4cCI6MTc1MzAwMzE4NywiaGVhZFBpYyI6ImNvbW1vbi91c2VyX2ltZy5qcGciLCJlbWFpbCI6IjExQDE2My5jb20iLCJ1c2VybmFtZSI6IjExIn0.xhF1FDbwDXq7ruRfx76Ebl7JpWF2ydFDbaP6c2S-DaU
2025-07-13 17:20:26.118 INFO [http-nio-8080-exec-6]com.yjq.programmer.interceptor.home.UserLoginInterceptor.preHandle:49 -当前URL=/home/product/fruit
2025-07-13 17:20:26.119 INFO [http-nio-8080-exec-6]com.yjq.programmer.interceptor.home.UserLoginInterceptor.preHandle:50 -当前路径获取到的token=eyJ0eXAiOiJKV1QiLCJhbGciOiJIUzI1NiJ9.eyJwaG9uZSI6IjEzNTU1NTU1NTU1IiwiaWQiOiIxMCIsImV4cCI6MTc1MzAwMzE4NywiaGVhZFBpYyI6ImNvbW1vbi91c2VyX2ltZy5qcGciLCJlbWFpbCI6IjExQDE2My5jb20iLCJ1c2VybmFtZSI6IjExIn0.xhF1FDbwDXq7ruRfx76Ebl7JpWF2ydFDbaP6c2S-DaU
2025-07-13 17:20:27.328 INFO [http-nio-8080-exec-9]com.yjq.programmer.interceptor.home.UserLoginInterceptor.preHandle:49 -当前URL=/home/product/detail
2025-07-13 17:20:27.328 INFO [http-nio-8080-exec-9]com.yjq.programmer.interceptor.home.UserLoginInterceptor.preHandle:50 -当前路径获取到的token=eyJ0eXAiOiJKV1QiLCJhbGciOiJIUzI1NiJ9.eyJwaG9uZSI6IjEzNTU1NTU1NTU1IiwiaWQiOiIxMCIsImV4cCI6MTc1MzAwMzE4NywiaGVhZFBpYyI6ImNvbW1vbi91c2VyX2ltZy5qcGciLCJlbWFpbCI6IjExQDE2My5jb20iLCJ1c2VybmFtZSI6IjExIn0.xhF1FDbwDXq7ruRfx76Ebl7JpWF2ydFDbaP6c2S-DaU
2025-07-13 17:20:32.382 INFO [http-nio-8080-exec-5]com.yjq.programmer.interceptor.home.UserLoginInterceptor.preHandle:49 -当前URL=/home/user/info
2025-07-13 17:20:32.383 INFO [http-nio-8080-exec-5]com.yjq.programmer.interceptor.home.UserLoginInterceptor.preHandle:50 -当前路径获取到的token=eyJ0eXAiOiJKV1QiLCJhbGciOiJIUzI1NiJ9.eyJwaG9uZSI6IjEzNTU1NTU1NTU1IiwiaWQiOiIxMCIsImV4cCI6MTc1MzAwMzE4NywiaGVhZFBpYyI6ImNvbW1vbi91c2VyX2ltZy5qcGciLCJlbWFpbCI6IjExQDE2My5jb20iLCJ1c2VybmFtZSI6IjExIn0.xhF1FDbwDXq7ruRfx76Ebl7JpWF2ydFDbaP6c2S-DaU
2025-07-13 17:20:34.167 INFO [http-nio-8080-exec-7]com.yjq.programmer.interceptor.home.UserLoginInterceptor.preHandle:49 -当前URL=/home/user/info
2025-07-13 17:20:34.168 INFO [http-nio-8080-exec-7]com.yjq.programmer.interceptor.home.UserLoginInterceptor.preHandle:50 -当前路径获取到的token=eyJ0eXAiOiJKV1QiLCJhbGciOiJIUzI1NiJ9.eyJwaG9uZSI6IjEzNTU1NTU1NTU1IiwiaWQiOiIxMCIsImV4cCI6MTc1MzAwMzE4NywiaGVhZFBpYyI6ImNvbW1vbi91c2VyX2ltZy5qcGciLCJlbWFpbCI6IjExQDE2My5jb20iLCJ1c2VybmFtZSI6IjExIn0.xhF1FDbwDXq7ruRfx76Ebl7JpWF2ydFDbaP6c2S-DaU
2025-07-13 17:20:34.888 INFO [http-nio-8080-exec-3]com.yjq.programmer.interceptor.home.UserLoginInterceptor.preHandle:49 -当前URL=/home/user/update_passwd
2025-07-13 17:20:34.889 INFO [http-nio-8080-exec-3]com.yjq.programmer.interceptor.home.UserLoginInterceptor.preHandle:50 -当前路径获取到的token=eyJ0eXAiOiJKV1QiLCJhbGciOiJIUzI1NiJ9.eyJwaG9uZSI6IjEzNTU1NTU1NTU1IiwiaWQiOiIxMCIsImV4cCI6MTc1MzAwMzE4NywiaGVhZFBpYyI6ImNvbW1vbi91c2VyX2ltZy5qcGciLCJlbWFpbCI6IjExQDE2My5jb20iLCJ1c2VybmFtZSI6IjExIn0.xhF1FDbwDXq7ruRfx76Ebl7JpWF2ydFDbaP6c2S-DaU
2025-07-13 17:20:35.729 INFO [http-nio-8080-exec-9]com.yjq.programmer.interceptor.home.UserLoginInterceptor.preHandle:49 -当前URL=/home/user/order
2025-07-13 17:20:35.729 INFO [http-nio-8080-exec-9]com.yjq.programmer.interceptor.home.UserLoginInterceptor.preHandle:50 -当前路径获取到的token=eyJ0eXAiOiJKV1QiLCJhbGciOiJIUzI1NiJ9.eyJwaG9uZSI6IjEzNTU1NTU1NTU1IiwiaWQiOiIxMCIsImV4cCI6MTc1MzAwMzE4NywiaGVhZFBpYyI6ImNvbW1vbi91c2VyX2ltZy5qcGciLCJlbWFpbCI6IjExQDE2My5jb20iLCJ1c2VybmFtZSI6IjExIn0.xhF1FDbwDXq7ruRfx76Ebl7JpWF2ydFDbaP6c2S-DaU
2025-07-13 17:20:39.389 INFO [http-nio-8080-exec-4]com.yjq.programmer.interceptor.home.UserLoginInterceptor.preHandle:49 -当前URL=/home/user/comment
2025-07-13 17:20:39.390 INFO [http-nio-8080-exec-4]com.yjq.programmer.interceptor.home.UserLoginInterceptor.preHandle:50 -当前路径获取到的token=eyJ0eXAiOiJKV1QiLCJhbGciOiJIUzI1NiJ9.eyJwaG9uZSI6IjEzNTU1NTU1NTU1IiwiaWQiOiIxMCIsImV4cCI6MTc1MzAwMzE4NywiaGVhZFBpYyI6ImNvbW1vbi91c2VyX2ltZy5qcGciLCJlbWFpbCI6IjExQDE2My5jb20iLCJ1c2VybmFtZSI6IjExIn0.xhF1FDbwDXq7ruRfx76Ebl7JpWF2ydFDbaP6c2S-DaU
2025-07-13 17:20:40.356 INFO [http-nio-8080-exec-2]com.yjq.programmer.interceptor.home.UserLoginInterceptor.preHandle:49 -当前URL=/home/collect/index
2025-07-13 17:20:40.356 INFO [http-nio-8080-exec-2]com.yjq.programmer.interceptor.home.UserLoginInterceptor.preHandle:50 -当前路径获取到的token=eyJ0eXAiOiJKV1QiLCJhbGciOiJIUzI1NiJ9.eyJwaG9uZSI6IjEzNTU1NTU1NTU1IiwiaWQiOiIxMCIsImV4cCI6MTc1MzAwMzE4NywiaGVhZFBpYyI6ImNvbW1vbi91c2VyX2ltZy5qcGciLCJlbWFpbCI6IjExQDE2My5jb20iLCJ1c2VybmFtZSI6IjExIn0.xhF1FDbwDXq7ruRfx76Ebl7JpWF2ydFDbaP6c2S-DaU
2025-07-13 17:20:41.720 INFO [http-nio-8080-exec-3]com.yjq.programmer.interceptor.home.UserLoginInterceptor.preHandle:49 -当前URL=/home/address/index
2025-07-13 17:20:41.721 INFO [http-nio-8080-exec-3]com.yjq.programmer.interceptor.home.UserLoginInterceptor.preHandle:50 -当前路径获取到的token=eyJ0eXAiOiJKV1QiLCJhbGciOiJIUzI1NiJ9.eyJwaG9uZSI6IjEzNTU1NTU1NTU1IiwiaWQiOiIxMCIsImV4cCI6MTc1MzAwMzE4NywiaGVhZFBpYyI6ImNvbW1vbi91c2VyX2ltZy5qcGciLCJlbWFpbCI6IjExQDE2My5jb20iLCJ1c2VybmFtZSI6IjExIn0.xhF1FDbwDXq7ruRfx76Ebl7JpWF2ydFDbaP6c2S-DaU
2025-07-13 17:20:41.777 INFO [http-nio-8080-exec-8]com.yjq.programmer.interceptor.home.UserLoginInterceptor.preHandle:49 -当前URL=/static/home/images/AD_page_img_02.png
2025-07-13 17:20:41.777 INFO [http-nio-8080-exec-8]com.yjq.programmer.interceptor.home.UserLoginInterceptor.preHandle:50 -当前路径获取到的token=eyJ0eXAiOiJKV1QiLCJhbGciOiJIUzI1NiJ9.eyJwaG9uZSI6IjEzNTU1NTU1NTU1IiwiaWQiOiIxMCIsImV4cCI6MTc1MzAwMzE4NywiaGVhZFBpYyI6ImNvbW1vbi91c2VyX2ltZy5qcGciLCJlbWFpbCI6IjExQDE2My5jb20iLCJ1c2VybmFtZSI6IjExIn0.xhF1FDbwDXq7ruRfx76Ebl7JpWF2ydFDbaP6c2S-DaU
2025-07-13 17:20:43.782 INFO [http-nio-8080-exec-7]com.yjq.programmer.interceptor.home.UserLoginInterceptor.preHandle:49 -当前URL=/home/user/info
2025-07-13 17:20:43.782 INFO [http-nio-8080-exec-7]com.yjq.programmer.interceptor.home.UserLoginInterceptor.preHandle:50 -当前路径获取到的token=eyJ0eXAiOiJKV1QiLCJhbGciOiJIUzI1NiJ9.eyJwaG9uZSI6IjEzNTU1NTU1NTU1IiwiaWQiOiIxMCIsImV4cCI6MTc1MzAwMzE4NywiaGVhZFBpYyI6ImNvbW1vbi91c2VyX2ltZy5qcGciLCJlbWFpbCI6IjExQDE2My5jb20iLCJ1c2VybmFtZSI6IjExIn0.xhF1FDbwDXq7ruRfx76Ebl7JpWF2ydFDbaP6c2S-DaU
2025-07-13 17:20:47.382 INFO [http-nio-8080-exec-8]com.yjq.programmer.interceptor.home.UserLoginInterceptor.preHandle:49 -当前URL=/home/system/index
2025-07-13 17:20:47.383 INFO [http-nio-8080-exec-8]com.yjq.programmer.interceptor.home.UserLoginInterceptor.preHandle:50 -当前路径获取到的token=eyJ0eXAiOiJKV1QiLCJhbGciOiJIUzI1NiJ9.eyJwaG9uZSI6IjEzNTU1NTU1NTU1IiwiaWQiOiIxMCIsImV4cCI6MTc1MzAwMzE4NywiaGVhZFBpYyI6ImNvbW1vbi91c2VyX2ltZy5qcGciLCJlbWFpbCI6IjExQDE2My5jb20iLCJ1c2VybmFtZSI6IjExIn0.xhF1FDbwDXq7ruRfx76Ebl7JpWF2ydFDbaP6c2S-DaU
2025-07-13 17:21:39.880 INFO [http-nio-8080-exec-5]com.yjq.programmer.interceptor.home.UserLoginInterceptor.preHandle:49 -当前URL=/home/system/index
2025-07-13 17:21:39.880 INFO [http-nio-8080-exec-5]com.yjq.programmer.interceptor.home.UserLoginInterceptor.preHandle:50 -当前路径获取到的token=
2025-07-13 17:21:41.070 INFO [http-nio-8080-exec-4]com.yjq.programmer.interceptor.home.UserLoginInterceptor.preHandle:49 -当前URL=/home/user/login
2025-07-13 17:21:41.070 INFO [http-nio-8080-exec-4]com.yjq.programmer.interceptor.home.UserLoginInterceptor.preHandle:50 -当前路径获取到的token=
2025-07-13 17:22:02.204 INFO [http-nio-8080-exec-8]com.yjq.programmer.interceptor.home.UserLoginInterceptor.preHandle:49 -当前URL=/home/user/register
2025-07-13 17:22:02.205 INFO [http-nio-8080-exec-8]com.yjq.programmer.interceptor.home.UserLoginInterceptor.preHandle:50 -当前路径获取到的token=
2025-07-13 17:22:02.232 INFO [http-nio-8080-exec-4]com.yjq.programmer.controller.common.CpachaController.generateCpacha:51 -验证码成功生成，method=user_register,value=5346
2025-07-13 17:22:12.793 INFO [http-nio-8080-exec-1]com.yjq.programmer.interceptor.home.UserLoginInterceptor.preHandle:49 -当前URL=/home/user/login
2025-07-13 17:22:12.793 INFO [http-nio-8080-exec-1]com.yjq.programmer.interceptor.home.UserLoginInterceptor.preHandle:50 -当前路径获取到的token=
2025-07-13 17:22:16.753 INFO [http-nio-8080-exec-2]com.yjq.programmer.interceptor.home.UserLoginInterceptor.preHandle:49 -当前URL=/home/user/login
2025-07-13 17:22:16.754 INFO [http-nio-8080-exec-2]com.yjq.programmer.interceptor.home.UserLoginInterceptor.preHandle:50 -当前路径获取到的token=
2025-07-13 17:22:24.574 INFO [http-nio-8080-exec-1]com.yjq.programmer.interceptor.home.UserLoginInterceptor.preHandle:49 -当前URL=/home/user/login
2025-07-13 17:22:24.575 INFO [http-nio-8080-exec-1]com.yjq.programmer.interceptor.home.UserLoginInterceptor.preHandle:50 -当前路径获取到的token=
2025-07-13 17:22:24.579 INFO [http-nio-8080-exec-1]com.yjq.programmer.util.JWTUtil.getToken:46 -生成的token=eyJ0eXAiOiJKV1QiLCJhbGciOiJIUzI1NiJ9.eyJwaG9uZSI6IjEzNTU1NTU1NTU1IiwiaWQiOiIxMCIsImV4cCI6MTc1MzAwMzM0NCwiaGVhZFBpYyI6ImNvbW1vbi91c2VyX2ltZy5qcGciLCJlbWFpbCI6IjExQDE2My5jb20iLCJ1c2VybmFtZSI6IjExIn0.ub0mfHHz6po8KWnT7Ci8UmKpP2BTtvPP60gBKXwdmIY
2025-07-13 17:22:24.590 INFO [http-nio-8080-exec-6]com.yjq.programmer.interceptor.home.UserLoginInterceptor.preHandle:49 -当前URL=/home/system/index
2025-07-13 17:22:24.590 INFO [http-nio-8080-exec-6]com.yjq.programmer.interceptor.home.UserLoginInterceptor.preHandle:50 -当前路径获取到的token=eyJ0eXAiOiJKV1QiLCJhbGciOiJIUzI1NiJ9.eyJwaG9uZSI6IjEzNTU1NTU1NTU1IiwiaWQiOiIxMCIsImV4cCI6MTc1MzAwMzM0NCwiaGVhZFBpYyI6ImNvbW1vbi91c2VyX2ltZy5qcGciLCJlbWFpbCI6IjExQDE2My5jb20iLCJ1c2VybmFtZSI6IjExIn0.ub0mfHHz6po8KWnT7Ci8UmKpP2BTtvPP60gBKXwdmIY
2025-07-13 17:22:49.181 INFO [http-nio-8080-exec-7]com.yjq.programmer.interceptor.home.UserLoginInterceptor.preHandle:49 -当前URL=/home/product/fruit
2025-07-13 17:22:49.181 INFO [http-nio-8080-exec-7]com.yjq.programmer.interceptor.home.UserLoginInterceptor.preHandle:50 -当前路径获取到的token=eyJ0eXAiOiJKV1QiLCJhbGciOiJIUzI1NiJ9.eyJwaG9uZSI6IjEzNTU1NTU1NTU1IiwiaWQiOiIxMCIsImV4cCI6MTc1MzAwMzM0NCwiaGVhZFBpYyI6ImNvbW1vbi91c2VyX2ltZy5qcGciLCJlbWFpbCI6IjExQDE2My5jb20iLCJ1c2VybmFtZSI6IjExIn0.ub0mfHHz6po8KWnT7Ci8UmKpP2BTtvPP60gBKXwdmIY
2025-07-13 17:23:30.022 INFO [http-nio-8080-exec-8]com.yjq.programmer.interceptor.home.UserLoginInterceptor.preHandle:49 -当前URL=/home/product/detail
2025-07-13 17:23:30.022 INFO [http-nio-8080-exec-8]com.yjq.programmer.interceptor.home.UserLoginInterceptor.preHandle:50 -当前路径获取到的token=eyJ0eXAiOiJKV1QiLCJhbGciOiJIUzI1NiJ9.eyJwaG9uZSI6IjEzNTU1NTU1NTU1IiwiaWQiOiIxMCIsImV4cCI6MTc1MzAwMzM0NCwiaGVhZFBpYyI6ImNvbW1vbi91c2VyX2ltZy5qcGciLCJlbWFpbCI6IjExQDE2My5jb20iLCJ1c2VybmFtZSI6IjExIn0.ub0mfHHz6po8KWnT7Ci8UmKpP2BTtvPP60gBKXwdmIY
2025-07-13 17:23:40.534 INFO [http-nio-8080-exec-9]com.yjq.programmer.interceptor.home.UserLoginInterceptor.preHandle:49 -当前URL=/home/product/fruit
2025-07-13 17:23:40.535 INFO [http-nio-8080-exec-9]com.yjq.programmer.interceptor.home.UserLoginInterceptor.preHandle:50 -当前路径获取到的token=eyJ0eXAiOiJKV1QiLCJhbGciOiJIUzI1NiJ9.eyJwaG9uZSI6IjEzNTU1NTU1NTU1IiwiaWQiOiIxMCIsImV4cCI6MTc1MzAwMzM0NCwiaGVhZFBpYyI6ImNvbW1vbi91c2VyX2ltZy5qcGciLCJlbWFpbCI6IjExQDE2My5jb20iLCJ1c2VybmFtZSI6IjExIn0.ub0mfHHz6po8KWnT7Ci8UmKpP2BTtvPP60gBKXwdmIY
2025-07-13 17:23:41.694 INFO [http-nio-8080-exec-2]com.yjq.programmer.interceptor.home.UserLoginInterceptor.preHandle:49 -当前URL=/home/user/info
2025-07-13 17:23:41.695 INFO [http-nio-8080-exec-2]com.yjq.programmer.interceptor.home.UserLoginInterceptor.preHandle:50 -当前路径获取到的token=eyJ0eXAiOiJKV1QiLCJhbGciOiJIUzI1NiJ9.eyJwaG9uZSI6IjEzNTU1NTU1NTU1IiwiaWQiOiIxMCIsImV4cCI6MTc1MzAwMzM0NCwiaGVhZFBpYyI6ImNvbW1vbi91c2VyX2ltZy5qcGciLCJlbWFpbCI6IjExQDE2My5jb20iLCJ1c2VybmFtZSI6IjExIn0.ub0mfHHz6po8KWnT7Ci8UmKpP2BTtvPP60gBKXwdmIY
2025-07-13 17:23:46.153 INFO [http-nio-8080-exec-6]com.yjq.programmer.interceptor.home.UserLoginInterceptor.preHandle:49 -当前URL=/home/cart/index
2025-07-13 17:23:46.153 INFO [http-nio-8080-exec-6]com.yjq.programmer.interceptor.home.UserLoginInterceptor.preHandle:50 -当前路径获取到的token=eyJ0eXAiOiJKV1QiLCJhbGciOiJIUzI1NiJ9.eyJwaG9uZSI6IjEzNTU1NTU1NTU1IiwiaWQiOiIxMCIsImV4cCI6MTc1MzAwMzM0NCwiaGVhZFBpYyI6ImNvbW1vbi91c2VyX2ltZy5qcGciLCJlbWFpbCI6IjExQDE2My5jb20iLCJ1c2VybmFtZSI6IjExIn0.ub0mfHHz6po8KWnT7Ci8UmKpP2BTtvPP60gBKXwdmIY
2025-07-13 17:23:54.694 INFO [http-nio-8080-exec-5]com.yjq.programmer.interceptor.home.UserLoginInterceptor.preHandle:49 -当前URL=/home/user/info
2025-07-13 17:23:54.694 INFO [http-nio-8080-exec-5]com.yjq.programmer.interceptor.home.UserLoginInterceptor.preHandle:50 -当前路径获取到的token=eyJ0eXAiOiJKV1QiLCJhbGciOiJIUzI1NiJ9.eyJwaG9uZSI6IjEzNTU1NTU1NTU1IiwiaWQiOiIxMCIsImV4cCI6MTc1MzAwMzM0NCwiaGVhZFBpYyI6ImNvbW1vbi91c2VyX2ltZy5qcGciLCJlbWFpbCI6IjExQDE2My5jb20iLCJ1c2VybmFtZSI6IjExIn0.ub0mfHHz6po8KWnT7Ci8UmKpP2BTtvPP60gBKXwdmIY
2025-07-13 17:23:56.599 INFO [http-nio-8080-exec-6]com.yjq.programmer.interceptor.home.UserLoginInterceptor.preHandle:49 -当前URL=/home/user/info
2025-07-13 17:23:56.599 INFO [http-nio-8080-exec-6]com.yjq.programmer.interceptor.home.UserLoginInterceptor.preHandle:50 -当前路径获取到的token=eyJ0eXAiOiJKV1QiLCJhbGciOiJIUzI1NiJ9.eyJwaG9uZSI6IjEzNTU1NTU1NTU1IiwiaWQiOiIxMCIsImV4cCI6MTc1MzAwMzM0NCwiaGVhZFBpYyI6ImNvbW1vbi91c2VyX2ltZy5qcGciLCJlbWFpbCI6IjExQDE2My5jb20iLCJ1c2VybmFtZSI6IjExIn0.ub0mfHHz6po8KWnT7Ci8UmKpP2BTtvPP60gBKXwdmIY
2025-07-13 17:24:04.517 INFO [http-nio-8080-exec-10]com.yjq.programmer.interceptor.home.UserLoginInterceptor.preHandle:49 -当前URL=/home/user/order
2025-07-13 17:24:04.517 INFO [http-nio-8080-exec-10]com.yjq.programmer.interceptor.home.UserLoginInterceptor.preHandle:50 -当前路径获取到的token=eyJ0eXAiOiJKV1QiLCJhbGciOiJIUzI1NiJ9.eyJwaG9uZSI6IjEzNTU1NTU1NTU1IiwiaWQiOiIxMCIsImV4cCI6MTc1MzAwMzM0NCwiaGVhZFBpYyI6ImNvbW1vbi91c2VyX2ltZy5qcGciLCJlbWFpbCI6IjExQDE2My5jb20iLCJ1c2VybmFtZSI6IjExIn0.ub0mfHHz6po8KWnT7Ci8UmKpP2BTtvPP60gBKXwdmIY
2025-07-13 17:24:11.151 INFO [http-nio-8080-exec-10]com.yjq.programmer.interceptor.home.UserLoginInterceptor.preHandle:49 -当前URL=/home/user/comment
2025-07-13 17:24:11.151 INFO [http-nio-8080-exec-10]com.yjq.programmer.interceptor.home.UserLoginInterceptor.preHandle:50 -当前路径获取到的token=eyJ0eXAiOiJKV1QiLCJhbGciOiJIUzI1NiJ9.eyJwaG9uZSI6IjEzNTU1NTU1NTU1IiwiaWQiOiIxMCIsImV4cCI6MTc1MzAwMzM0NCwiaGVhZFBpYyI6ImNvbW1vbi91c2VyX2ltZy5qcGciLCJlbWFpbCI6IjExQDE2My5jb20iLCJ1c2VybmFtZSI6IjExIn0.ub0mfHHz6po8KWnT7Ci8UmKpP2BTtvPP60gBKXwdmIY
2025-07-13 17:24:12.591 INFO [http-nio-8080-exec-3]com.yjq.programmer.interceptor.home.UserLoginInterceptor.preHandle:49 -当前URL=/home/collect/index
2025-07-13 17:24:12.591 INFO [http-nio-8080-exec-3]com.yjq.programmer.interceptor.home.UserLoginInterceptor.preHandle:50 -当前路径获取到的token=eyJ0eXAiOiJKV1QiLCJhbGciOiJIUzI1NiJ9.eyJwaG9uZSI6IjEzNTU1NTU1NTU1IiwiaWQiOiIxMCIsImV4cCI6MTc1MzAwMzM0NCwiaGVhZFBpYyI6ImNvbW1vbi91c2VyX2ltZy5qcGciLCJlbWFpbCI6IjExQDE2My5jb20iLCJ1c2VybmFtZSI6IjExIn0.ub0mfHHz6po8KWnT7Ci8UmKpP2BTtvPP60gBKXwdmIY
2025-07-13 17:24:14.240 INFO [http-nio-8080-exec-9]com.yjq.programmer.interceptor.home.UserLoginInterceptor.preHandle:49 -当前URL=/home/address/index
2025-07-13 17:24:14.240 INFO [http-nio-8080-exec-9]com.yjq.programmer.interceptor.home.UserLoginInterceptor.preHandle:50 -当前路径获取到的token=eyJ0eXAiOiJKV1QiLCJhbGciOiJIUzI1NiJ9.eyJwaG9uZSI6IjEzNTU1NTU1NTU1IiwiaWQiOiIxMCIsImV4cCI6MTc1MzAwMzM0NCwiaGVhZFBpYyI6ImNvbW1vbi91c2VyX2ltZy5qcGciLCJlbWFpbCI6IjExQDE2My5jb20iLCJ1c2VybmFtZSI6IjExIn0.ub0mfHHz6po8KWnT7Ci8UmKpP2BTtvPP60gBKXwdmIY
2025-07-13 17:24:14.262 INFO [http-nio-8080-exec-1]com.yjq.programmer.interceptor.home.UserLoginInterceptor.preHandle:49 -当前URL=/static/home/images/AD_page_img_02.png
2025-07-13 17:24:14.262 INFO [http-nio-8080-exec-1]com.yjq.programmer.interceptor.home.UserLoginInterceptor.preHandle:50 -当前路径获取到的token=eyJ0eXAiOiJKV1QiLCJhbGciOiJIUzI1NiJ9.eyJwaG9uZSI6IjEzNTU1NTU1NTU1IiwiaWQiOiIxMCIsImV4cCI6MTc1MzAwMzM0NCwiaGVhZFBpYyI6ImNvbW1vbi91c2VyX2ltZy5qcGciLCJlbWFpbCI6IjExQDE2My5jb20iLCJ1c2VybmFtZSI6IjExIn0.ub0mfHHz6po8KWnT7Ci8UmKpP2BTtvPP60gBKXwdmIY
2025-07-13 17:24:25.127 INFO [http-nio-8080-exec-5]com.yjq.programmer.interceptor.home.UserLoginInterceptor.preHandle:49 -当前URL=/home/address/index
2025-07-13 17:24:25.127 INFO [http-nio-8080-exec-5]com.yjq.programmer.interceptor.home.UserLoginInterceptor.preHandle:50 -当前路径获取到的token=
2025-07-13 17:24:25.128 INFO [http-nio-8080-exec-5]com.yjq.programmer.interceptor.home.UserLoginInterceptor.preHandle:86 -没有登录或token非法，跳转登录界面！当前URL=/home/address/index
2025-07-13 17:24:25.133 INFO [http-nio-8080-exec-7]com.yjq.programmer.interceptor.home.UserLoginInterceptor.preHandle:49 -当前URL=/home/user/login
2025-07-13 17:24:25.134 INFO [http-nio-8080-exec-7]com.yjq.programmer.interceptor.home.UserLoginInterceptor.preHandle:50 -当前路径获取到的token=
2025-07-13 17:26:14.796 INFO [http-nio-8080-exec-6]com.yjq.programmer.controller.common.CpachaController.generateCpacha:51 -验证码成功生成，method=admin_login,value=97q9
2025-07-13 17:26:41.274 WARN [http-nio-8080-exec-2]com.zaxxer.hikari.pool.PoolBase.isConnectionAlive:176 -HikariPool-1 - Failed to validate connection com.mysql.jdbc.JDBC4Connection@221c5c72 (No operations allowed after connection closed.). Possibly consider using a shorter maxLifetime value.
2025-07-13 17:26:41.275 WARN [http-nio-8080-exec-2]com.zaxxer.hikari.pool.PoolBase.isConnectionAlive:176 -HikariPool-1 - Failed to validate connection com.mysql.jdbc.JDBC4Connection@6d8d2152 (No operations allowed after connection closed.). Possibly consider using a shorter maxLifetime value.
2025-07-13 17:26:41.275 WARN [http-nio-8080-exec-2]com.zaxxer.hikari.pool.PoolBase.isConnectionAlive:176 -HikariPool-1 - Failed to validate connection com.mysql.jdbc.JDBC4Connection@33c7130d (No operations allowed after connection closed.). Possibly consider using a shorter maxLifetime value.
2025-07-13 17:26:41.276 WARN [http-nio-8080-exec-2]com.zaxxer.hikari.pool.PoolBase.isConnectionAlive:176 -HikariPool-1 - Failed to validate connection com.mysql.jdbc.JDBC4Connection@5da69ccf (No operations allowed after connection closed.). Possibly consider using a shorter maxLifetime value.
2025-07-13 17:26:41.276 WARN [http-nio-8080-exec-2]com.zaxxer.hikari.pool.PoolBase.isConnectionAlive:176 -HikariPool-1 - Failed to validate connection com.mysql.jdbc.JDBC4Connection@5e211195 (No operations allowed after connection closed.). Possibly consider using a shorter maxLifetime value.
2025-07-13 17:26:41.277 WARN [http-nio-8080-exec-2]com.zaxxer.hikari.pool.PoolBase.isConnectionAlive:176 -HikariPool-1 - Failed to validate connection com.mysql.jdbc.JDBC4Connection@5a222cb2 (No operations allowed after connection closed.). Possibly consider using a shorter maxLifetime value.
2025-07-13 17:26:41.278 WARN [http-nio-8080-exec-2]com.zaxxer.hikari.pool.PoolBase.isConnectionAlive:176 -HikariPool-1 - Failed to validate connection com.mysql.jdbc.JDBC4Connection@51f61380 (No operations allowed after connection closed.). Possibly consider using a shorter maxLifetime value.
2025-07-13 17:26:41.278 WARN [http-nio-8080-exec-2]com.zaxxer.hikari.pool.PoolBase.isConnectionAlive:176 -HikariPool-1 - Failed to validate connection com.mysql.jdbc.JDBC4Connection@385fbd95 (No operations allowed after connection closed.). Possibly consider using a shorter maxLifetime value.
2025-07-13 17:26:41.279 WARN [http-nio-8080-exec-2]com.zaxxer.hikari.pool.PoolBase.isConnectionAlive:176 -HikariPool-1 - Failed to validate connection com.mysql.jdbc.JDBC4Connection@6ea4beb2 (No operations allowed after connection closed.). Possibly consider using a shorter maxLifetime value.
2025-07-13 17:26:41.279 WARN [http-nio-8080-exec-2]com.zaxxer.hikari.pool.PoolBase.isConnectionAlive:176 -HikariPool-1 - Failed to validate connection com.mysql.jdbc.JDBC4Connection@25285868 (No operations allowed after connection closed.). Possibly consider using a shorter maxLifetime value.
2025-07-13 17:29:37.646 INFO [Thread-11]o.s.scheduling.concurrent.ThreadPoolTaskExecutor.shutdown:208 -Shutting down ExecutorService 'applicationTaskExecutor'
2025-07-13 17:29:37.647 INFO [Thread-11]com.zaxxer.hikari.HikariDataSource.close:350 -HikariPool-1 - Shutdown initiated...
2025-07-13 17:29:37.653 INFO [Thread-11]com.zaxxer.hikari.HikariDataSource.close:352 -HikariPool-1 - Shutdown completed.
2025-07-13 17:29:39.087 INFO [restartedMain]com.yjq.programmer.FruitAndVegetableShop.logStarting:50 -Starting FruitAndVegetableShop on DESKTOP-KNBEJCA with PID 29504 (E:\GitHub\FruitAndVegetableShop\target\classes started by zs in E:\GitHub\FruitAndVegetableShop)
2025-07-13 17:29:39.088 INFO [restartedMain]com.yjq.programmer.FruitAndVegetableShop.logStartupProfileInfo:651 -The following profiles are active: dev
2025-07-13 17:29:39.302 INFO [restartedMain]o.s.d.repository.config.RepositoryConfigurationDelegate.multipleStoresDetected:244 -Multiple Spring Data modules found, entering strict repository configuration mode!
2025-07-13 17:29:39.303 INFO [restartedMain]o.s.d.repository.config.RepositoryConfigurationDelegate.registerRepositoriesIn:126 -Bootstrapping Spring Data repositories in DEFAULT mode.
2025-07-13 17:29:39.313 INFO [restartedMain]o.s.d.repository.config.RepositoryConfigurationDelegate.registerRepositoriesIn:182 -Finished Spring Data repository scanning in 10ms. Found 0 repository interfaces.
2025-07-13 17:29:39.355 INFO [restartedMain]o.s.c.s.PostProcessorRegistrationDelegate$BeanPostProcessorChecker.postProcessAfterInitialization:330 -Bean 'org.springframework.transaction.annotation.ProxyTransactionManagementConfiguration' of type [org.springframework.transaction.annotation.ProxyTransactionManagementConfiguration$$EnhancerBySpringCGLIB$$e375079e] is not eligible for getting processed by all BeanPostProcessors (for example: not eligible for auto-proxying)
2025-07-13 17:29:39.398 INFO [restartedMain]o.s.boot.web.embedded.tomcat.TomcatWebServer.initialize:90 -Tomcat initialized with port(s): 8080 (http)
2025-07-13 17:29:39.399 INFO [restartedMain]org.apache.coyote.http11.Http11NioProtocol.log:173 -Initializing ProtocolHandler ["http-nio-8080"]
2025-07-13 17:29:39.399 INFO [restartedMain]org.apache.catalina.core.StandardService.log:173 -Starting service [Tomcat]
2025-07-13 17:29:39.399 INFO [restartedMain]org.apache.catalina.core.StandardEngine.log:173 -Starting Servlet engine: [Apache Tomcat/9.0.22]
2025-07-13 17:29:39.410 INFO [restartedMain]o.a.catalina.core.ContainerBase.[Tomcat].[localhost].[/].log:173 -Initializing Spring embedded WebApplicationContext
2025-07-13 17:29:39.410 INFO [restartedMain]org.springframework.web.context.ContextLoader.prepareWebApplicationContext:284 -Root WebApplicationContext: initialization completed in 321 ms
2025-07-13 17:29:39.617 INFO [restartedMain]o.s.scheduling.concurrent.ThreadPoolTaskExecutor.initialize:171 -Initializing ExecutorService 'applicationTaskExecutor'
2025-07-13 17:29:40.609 INFO [restartedMain]o.s.boot.devtools.autoconfigure.OptionalLiveReloadServer.startServer:57 -LiveReload server is running on port 35729
2025-07-13 17:29:40.623 INFO [restartedMain]org.apache.coyote.http11.Http11NioProtocol.log:173 -Starting ProtocolHandler ["http-nio-8080"]
2025-07-13 17:29:40.626 INFO [restartedMain]o.s.boot.web.embedded.tomcat.TomcatWebServer.start:202 -Tomcat started on port(s): 8080 (http) with context path ''
2025-07-13 17:29:40.626 INFO [restartedMain]com.yjq.programmer.FruitAndVegetableShop.logStarted:59 -Started FruitAndVegetableShop in 1.558 seconds (JVM running for 1191.057)
2025-07-13 17:29:40.627 INFO [restartedMain]o.s.b.d.a.ConditionEvaluationDeltaLoggingListener.onApplicationEvent:63 -Condition evaluation unchanged
2025-07-13 17:29:41.115 INFO [http-nio-8080-exec-1]o.a.catalina.core.ContainerBase.[Tomcat].[localhost].[/].log:173 -Initializing Spring DispatcherServlet 'dispatcherServlet'
2025-07-13 17:29:41.116 INFO [http-nio-8080-exec-1]org.springframework.web.servlet.DispatcherServlet.initServletBean:524 -Initializing Servlet 'dispatcherServlet'
2025-07-13 17:29:41.119 INFO [http-nio-8080-exec-1]org.springframework.web.servlet.DispatcherServlet.initServletBean:546 -Completed initialization in 3 ms
2025-07-13 17:29:41.120 INFO [http-nio-8080-exec-1]c.yjq.programmer.interceptor.admin.AdminLoginInterceptor.preHandle:34 -当前URL=/admin/index/index
2025-07-13 17:29:41.121 INFO [http-nio-8080-exec-1]c.yjq.programmer.interceptor.admin.AdminLoginInterceptor.preHandle:50 -没有登录或session失效，跳转登录界面！当前URL={}/admin/index/index
2025-07-13 17:29:41.155 INFO [http-nio-8080-exec-7]com.yjq.programmer.controller.common.CpachaController.generateCpacha:51 -验证码成功生成，method=admin_login,value=yJ8c
2025-07-13 17:29:52.644 INFO [http-nio-8080-exec-10]com.yjq.programmer.controller.common.CpachaController.generateCpacha:51 -验证码成功生成，method=admin_login,value=tkLN
2025-07-13 17:30:00.216 INFO [http-nio-8080-exec-6]com.zaxxer.hikari.HikariDataSource.getConnection:110 -HikariPool-2 - Starting...
2025-07-13 17:30:00.221 INFO [http-nio-8080-exec-6]com.zaxxer.hikari.HikariDataSource.getConnection:123 -HikariPool-2 - Start completed.
2025-07-13 17:30:00.264 INFO [http-nio-8080-exec-9]freemarker.beans.info:64 -Detected multiple classes with the same name, "com.yjq.programmer.pojo.admin.Admin". Assuming it was a class-reloading. Clearing class introspection caches to release old data.
